Hmm ... looks like a package
Converting parsed Rd's to LaTeX ....
Creating pdf output from LaTeX ...

This is pdfTeX, Version 3.141592653-2.6-1.40.24 (TeX Live 2022) (preloaded format=pdflatex)
 restricted \write18 enabled.
entering extended mode

(/private/var/folders/j3/kp576yhx6hg05g7g2cs03y_84f_rmw/T/Rtmpwku41K/Rd2pdf1097
338d19a82/Rd2.tex
LaTeX2e <2021-11-15> patch level 1
L3 programming layer <2022-02-24>
(/usr/local/texlive/2022/texmf-dist/tex/latex/base/book.cls
Document Class: book 2021/10/04 v1.4n Standard LaTeX document class
(/usr/local/texlive/2022/texmf-dist/tex/latex/base/bk10.clo))
(/usr/local/Cellar/r/4.2.1/lib/R/share/texmf/tex/latex/Rd.sty
(/usr/local/texlive/2022/texmf-dist/tex/latex/base/ifthen.sty)
(/usr/local/texlive/2022/texmf-dist/tex/latex/tools/longtable.sty)
(/usr/local/texlive/2022/texmf-dist/tex/latex/tools/bm.sty)
(/usr/local/texlive/2022/texmf-dist/tex/latex/base/alltt.sty)
(/usr/local/texlive/2022/texmf-dist/tex/latex/tools/verbatim.sty)
(/usr/local/texlive/2022/texmf-dist/tex/latex/url/url.sty)
(/usr/local/texlive/2022/texmf-dist/tex/latex/base/textcomp.sty)
(/usr/local/texlive/2022/texmf-dist/tex/generic/iftex/iftex.sty)
(/usr/local/texlive/2022/texmf-dist/tex/latex/base/fontenc.sty)
(/usr/local/texlive/2022/texmf-dist/tex/latex/psnfss/times.sty)
(/usr/local/texlive/2022/texmf-dist/tex/latex/inconsolata/zi4.sty
`inconsolata-zi4' v1.12, 2019/05/17 Text macros for Inconsolata (msharpe)
(/usr/local/texlive/2022/texmf-dist/tex/latex/xkeyval/xkeyval.sty
(/usr/local/texlive/2022/texmf-dist/tex/generic/xkeyval/xkeyval.tex
(/usr/local/texlive/2022/texmf-dist/tex/generic/xkeyval/xkvutils.tex
(/usr/local/texlive/2022/texmf-dist/tex/generic/xkeyval/keyval.tex)))))
(/usr/local/texlive/2022/texmf-dist/tex/latex/graphics/color.sty
(/usr/local/texlive/2022/texmf-dist/tex/latex/graphics-cfg/color.cfg)
(/usr/local/texlive/2022/texmf-dist/tex/latex/graphics-def/pdftex.def))
(/usr/local/texlive/2022/texmf-dist/tex/latex/hyperref/hyperref.sty
(/usr/local/texlive/2022/texmf-dist/tex/generic/ltxcmds/ltxcmds.sty)
(/usr/local/texlive/2022/texmf-dist/tex/generic/pdftexcmds/pdftexcmds.sty
(/usr/local/texlive/2022/texmf-dist/tex/generic/infwarerr/infwarerr.sty))
(/usr/local/texlive/2022/texmf-dist/tex/generic/kvsetkeys/kvsetkeys.sty)
(/usr/local/texlive/2022/texmf-dist/tex/generic/kvdefinekeys/kvdefinekeys.sty)
(/usr/local/texlive/2022/texmf-dist/tex/generic/pdfescape/pdfescape.sty)
(/usr/local/texlive/2022/texmf-dist/tex/latex/hycolor/hycolor.sty)
(/usr/local/texlive/2022/texmf-dist/tex/latex/letltxmacro/letltxmacro.sty)
(/usr/local/texlive/2022/texmf-dist/tex/latex/auxhook/auxhook.sty)
(/usr/local/texlive/2022/texmf-dist/tex/latex/kvoptions/kvoptions.sty)
(/usr/local/texlive/2022/texmf-dist/tex/latex/hyperref/pd1enc.def)
(/usr/local/texlive/2022/texmf-dist/tex/generic/intcalc/intcalc.sty)
(/usr/local/texlive/2022/texmf-dist/tex/generic/etexcmds/etexcmds.sty)
(/usr/local/texlive/2022/texmf-dist/tex/latex/hyperref/puenc.def)
(/usr/local/texlive/2022/texmf-dist/tex/generic/bitset/bitset.sty
(/usr/local/texlive/2022/texmf-dist/tex/generic/bigintcalc/bigintcalc.sty))
(/usr/local/texlive/2022/texmf-dist/tex/latex/base/atbegshi-ltx.sty))
(/usr/local/texlive/2022/texmf-dist/tex/latex/hyperref/hpdftex.def
(/usr/local/texlive/2022/texmf-dist/tex/latex/base/atveryend-ltx.sty)
(/usr/local/texlive/2022/texmf-dist/tex/latex/rerunfilecheck/rerunfilecheck.sty

(/usr/local/texlive/2022/texmf-dist/tex/generic/uniquecounter/uniquecounter.sty
)))

Package hyperref Warning: Option `hyperindex' has already been used,
(hyperref)                setting the option has no effect on input line 388.


Package hyperref Warning: Option `pagebackref' has already been used,
(hyperref)                setting the option has no effect on input line 388.

) (/usr/local/texlive/2022/texmf-dist/tex/latex/base/makeidx.sty)
(/usr/local/texlive/2022/texmf-dist/tex/latex/base/inputenc.sty)
Writing index file Rd2.idx
(/usr/local/texlive/2022/texmf-dist/tex/latex/psnfss/t1ptm.fd)
(/usr/local/texlive/2022/texmf-dist/tex/latex/l3backend/l3backend-pdftex.def)
No file Rd2.aux.
(/usr/local/texlive/2022/texmf-dist/tex/context/base/mkii/supp-pdf.mkii
[Loading MPS to PDF converter (version 2006.09.02).]
) (/usr/local/texlive/2022/texmf-dist/tex/latex/hyperref/nameref.sty
(/usr/local/texlive/2022/texmf-dist/tex/latex/refcount/refcount.sty)
(/usr/local/texlive/2022/texmf-dist/tex/generic/gettitlestring/gettitlestring.s
ty)) (/usr/local/texlive/2022/texmf-dist/tex/latex/inconsolata/t1zi4.fd)
(/usr/local/texlive/2022/texmf-dist/tex/latex/psnfss/t1phv.fd) [1{/usr/local/te
xlive/2022/texmf-var/fonts/map/pdftex/updmap/pdftex.map}] [2]
Overfull \hbox (9.73488pt too wide) in paragraph at lines 129--129
 []\T1/zi4/m/n/9 ## Data is taken from the paper by Nishiura for key transmissi
on parameters of an institutional[] 
[3]
Overfull \hbox (34.71808pt too wide) in paragraph at lines 176--177
[]\T1/ptm/m/n/10 Parameters passed to other func-tions (use-ful for hid-den pa-
ram-e-ters of [][][]\T1/zi4/m/n/10 generation.time[][][][]\T1/ptm/m/n/10 ) 
[4]
Overfull \hbox (11.22874pt too wide) in paragraph at lines 207--207
 []\T1/zi4/m/n/9 ## Best fitting GT distribution is a gamma distribution with m
ean = 3.039437 and sd = 1.676551 .[] 

Overfull \hbox (29.25635pt too wide) in paragraph at lines 210--210
 []\T1/zi4/m/n/9 ## [1] 0.0000000000 0.1621208802 0.2704857362 0.2358751176 0.1
561845680 0.0888997193 0.0459909903[] 

Overfull \hbox (12.75941pt too wide) in paragraph at lines 211--211
 []\T1/zi4/m/n/9 ## 0.0222778094 0.0102848887 0.0045773285 0.0019791984 0.00083
60608 0.0003464431 0.0001412594[] 
[5] (/usr/local/texlive/2022/texmf-dist/tex/latex/inconsolata/ts1zi4.fd)
[6] [7]
Overfull \hbox (9.73488pt too wide) in paragraph at lines 396--396
 []\T1/zi4/m/n/9 ## Data is taken from the paper by Nishiura for key transmissi
on parameters of an institutional[] 
[8] [9] [10] [11]
Overfull \hbox (9.73488pt too wide) in paragraph at lines 597--597
 []\T1/zi4/m/n/9 ## Data is taken from the paper by Nishiura for key transmissi
on parameters of an institutional[] 

Overfull \hbox (18.73488pt too wide) in paragraph at lines 604--604
 []\T1/zi4/m/n/9 ## Results will include "most likely R(t)" (ie. the R(t) value
 for which the computed probability[] 
[12]
Overfull \hbox (0.73488pt too wide) in paragraph at lines 626--626
 []\T1/zi4/m/n/9 ## "Plotfit" will show the complete distribution of R for 9 ti
me unit throughout the outbreak[] 
[13] [14]
Overfull \hbox (9.73488pt too wide) in paragraph at lines 717--717
 []\T1/zi4/m/n/9 ## Data is taken from the paper by Nishiura for key transmissi
on parameters of an institutional[] 

Overfull \hbox (15.74715pt too wide) in paragraph at lines 728--728
 []\T1/zi4/m/n/9 # 2.322239 2.272013 1.998474 1.843703 2.019297 1.867488 1.6449
93 1.553265 1.553317 1.601317 ...[] 

Overfull \hbox (11.22874pt too wide) in paragraph at lines 730--730
 []\T1/zi4/m/n/9 ## An interesting way to look at these results is to agregate 
initial data by longest time unit,[] 

Overfull \hbox (35.25021pt too wide) in paragraph at lines 735--735
 []\T1/zi4/m/n/9 # 1.878424 1.580976 1.356918 1.131633 0.9615463 0.8118902 0.80
45254 0.8395747 0.8542518 0.8258094..[] 
[15]
Overfull \hbox (30.99797pt too wide) in paragraph at lines 764--765
[]\T1/ptm/m/n/10 Begin date for es-ti-ma-tion. Can be an in-te-ger or a date (Y
YYY-mm-dd or YYYY/mm/dd) 

Overfull \hbox (23.3681pt too wide) in paragraph at lines 765--766
[]\T1/ptm/m/n/10 End date for es-ti-ma-tion. Can be an in-te-ger or a date (YYY
Y-mm-dd or YYYY/mm/dd) 
[16]
Overfull \hbox (15.75635pt too wide) in paragraph at lines 816--816
 []\T1/zi4/m/n/9 estR0<-estimate.R(Germany.1918, mGT, begin=1, end=27, methods=
c("EG", "ML", "TD", "AR", "SB"),[] 

Overfull \hbox (20.24715pt too wide) in paragraph at lines 838--838
 []\T1/zi4/m/n/9 ## 2.322239 2.272013 1.998474 1.843703 2.019297 1.867488 1.644
993 1.553265 1.553317 1.601317 ...[] 
[17] [18] [19] [20] [21] [22] [23] [24] [25] [26]
Overfull \hbox (9.73488pt too wide) in paragraph at lines 1362--1362
 []\T1/zi4/m/n/9 ## Data is taken from the paper by Nishiura for key transmissi
on parameters of an institutional[] 

Overfull \hbox (17.23181pt too wide) in paragraph at lines 1366--1366
 []\T1/zi4/m/n/9 ## For this exemple, we use the exact same call as for the int
ernal sensitivity analysis function[] 

Overfull \hbox (18.73488pt too wide) in paragraph at lines 1372--1372
 []\T1/zi4/m/n/9 ## Actual value in simulations may differ, as they are adapted
 according to the distribution type[] 

Overfull \hbox (32.27168pt too wide) in paragraph at lines 1373--1373
 []\T1/zi4/m/n/9 tmp<-sensitivity.analysis(sa.type="GT", incid=Germany.1918, GT
.type="gamma", GT.mean=seq(1,5,1),[] 

Overfull \hbox (27.75328pt too wide) in paragraph at lines 1377--1377
 []\T1/zi4/m/n/9 plot(x=tmp[,"GT.Mean"], xlab="mean GT (days)", y=tmp[,"R"], yl
im=c(1.2, 2.1), ylab="R0 (95% CI)",[] 
[27]
Overfull \hbox (17.23181pt too wide) in paragraph at lines 1381--1381
 []\T1/zi4/m/n/9 ## One could tweak this example to change sorting of values (p
er mean, or per standard deviation)[] 

Overfull \hbox (8.26862pt too wide) in paragraph at lines 1388--1388
 []\T1/zi4/m/n/9 sen=sensitivity.analysis(sa.type="time", incid=Germany.1918, G
T=mGT, begin=1:15, end=16:30,[] 
[28]
Overfull \hbox (3.73181pt too wide) in paragraph at lines 1459--1459
 []\T1/zi4/m/n/9 ## Only the outbreak phase is computed. When the peak value is
 reached, the process is stopped[] 
[29] [30]
Overfull \hbox (15.74715pt too wide) in paragraph at lines 1570--1570
 []\T1/zi4/m/n/9 # 2.322239 2.272013 1.998474 1.843703 2.019297 1.867488 1.6449
93 1.553265 1.553317 1.601317 ...[] 

Overfull \hbox (35.25021pt too wide) in paragraph at lines 1588--1588
 []\T1/zi4/m/n/9 # 1.878424 1.580976 1.356918 1.131633 0.9615463 0.8118902 0.80
45254 0.8395747 0.8542518 0.8258094..[] 
[31]
No file Rd2.ind.
[32] (./Rd2.aux)

Package rerunfilecheck Warning: File `Rd2.out' has changed.
(rerunfilecheck)                Rerun to get outlines right
(rerunfilecheck)                or use package `bookmark'.

 )
(see the transcript file for additional information)
pdfTeX warning (dest): name{Rfn.censored.deviation} has been referenced but doe
s not exist, replaced by a fixed one


pdfTeX warning (dest): name{Rfn.fit.epid} has been referenced but does not exis
t, replaced by a fixed one

{/usr/local/texlive/2022/texmf-dist/fonts/enc/dvips/inconsolata/i4-ts1.enc}{/us
r/local/texlive/2022/texmf-dist/fonts/enc/dvips/base/8r.enc}{/usr/local/texlive
/2022/texmf-dist/fonts/enc/dvips/inconsolata/i4-t1-0.enc}</usr/local/texlive/20
22/texmf-dist/fonts/type1/public/inconsolata/Inconsolata-zi4r.pfb></usr/local/t
exlive/2022/texmf-dist/fonts/type1/public/amsfonts/cm/cmmi10.pfb></usr/local/te
xlive/2022/texmf-dist/fonts/type1/public/amsfonts/cm/cmr10.pfb></usr/local/texl
ive/2022/texmf-dist/fonts/type1/public/amsfonts/cm/cmsy10.pfb></usr/local/texli
ve/2022/texmf-dist/fonts/type1/urw/helvetic/uhvr8a.pfb></usr/local/texlive/2022
/texmf-dist/fonts/type1/urw/times/utmb8a.pfb></usr/local/texlive/2022/texmf-dis
t/fonts/type1/urw/times/utmr8a.pfb></usr/local/texlive/2022/texmf-dist/fonts/ty
pe1/urw/times/utmr8a.pfb></usr/local/texlive/2022/texmf-dist/fonts/type1/urw/ti
mes/utmri8a.pfb>
Output written on Rd2.pdf (32 pages, 184385 bytes).
Transcript written on Rd2.log.
This is makeindex, version 2.16 [TeX Live 2022] (kpathsea + Thai support).
Scanning input file ./Rd2.idx....done (50 entries accepted, 0 rejected).
Sorting entries....done (287 comparisons).
Generating output file ./Rd2.ind....done (76 lines written, 0 warnings).
Output written in ./Rd2.ind.
Transcript written in ./Rd2.ilg.
This is pdfTeX, Version 3.141592653-2.6-1.40.24 (TeX Live 2022) (preloaded format=pdflatex)
 restricted \write18 enabled.
entering extended mode

(/private/var/folders/j3/kp576yhx6hg05g7g2cs03y_84f_rmw/T/Rtmpwku41K/Rd2pdf1097
338d19a82/Rd2.tex
LaTeX2e <2021-11-15> patch level 1
L3 programming layer <2022-02-24>
(/usr/local/texlive/2022/texmf-dist/tex/latex/base/book.cls
Document Class: book 2021/10/04 v1.4n Standard LaTeX document class
(/usr/local/texlive/2022/texmf-dist/tex/latex/base/bk10.clo))
(/usr/local/Cellar/r/4.2.1/lib/R/share/texmf/tex/latex/Rd.sty
(/usr/local/texlive/2022/texmf-dist/tex/latex/base/ifthen.sty)
(/usr/local/texlive/2022/texmf-dist/tex/latex/tools/longtable.sty)
(/usr/local/texlive/2022/texmf-dist/tex/latex/tools/bm.sty)
(/usr/local/texlive/2022/texmf-dist/tex/latex/base/alltt.sty)
(/usr/local/texlive/2022/texmf-dist/tex/latex/tools/verbatim.sty)
(/usr/local/texlive/2022/texmf-dist/tex/latex/url/url.sty)
(/usr/local/texlive/2022/texmf-dist/tex/latex/base/textcomp.sty)
(/usr/local/texlive/2022/texmf-dist/tex/generic/iftex/iftex.sty)
(/usr/local/texlive/2022/texmf-dist/tex/latex/base/fontenc.sty)
(/usr/local/texlive/2022/texmf-dist/tex/latex/psnfss/times.sty)
(/usr/local/texlive/2022/texmf-dist/tex/latex/inconsolata/zi4.sty
`inconsolata-zi4' v1.12, 2019/05/17 Text macros for Inconsolata (msharpe)
(/usr/local/texlive/2022/texmf-dist/tex/latex/xkeyval/xkeyval.sty
(/usr/local/texlive/2022/texmf-dist/tex/generic/xkeyval/xkeyval.tex
(/usr/local/texlive/2022/texmf-dist/tex/generic/xkeyval/xkvutils.tex
(/usr/local/texlive/2022/texmf-dist/tex/generic/xkeyval/keyval.tex)))))
(/usr/local/texlive/2022/texmf-dist/tex/latex/graphics/color.sty
(/usr/local/texlive/2022/texmf-dist/tex/latex/graphics-cfg/color.cfg)
(/usr/local/texlive/2022/texmf-dist/tex/latex/graphics-def/pdftex.def))
(/usr/local/texlive/2022/texmf-dist/tex/latex/hyperref/hyperref.sty
(/usr/local/texlive/2022/texmf-dist/tex/generic/ltxcmds/ltxcmds.sty)
(/usr/local/texlive/2022/texmf-dist/tex/generic/pdftexcmds/pdftexcmds.sty
(/usr/local/texlive/2022/texmf-dist/tex/generic/infwarerr/infwarerr.sty))
(/usr/local/texlive/2022/texmf-dist/tex/generic/kvsetkeys/kvsetkeys.sty)
(/usr/local/texlive/2022/texmf-dist/tex/generic/kvdefinekeys/kvdefinekeys.sty)
(/usr/local/texlive/2022/texmf-dist/tex/generic/pdfescape/pdfescape.sty)
(/usr/local/texlive/2022/texmf-dist/tex/latex/hycolor/hycolor.sty)
(/usr/local/texlive/2022/texmf-dist/tex/latex/letltxmacro/letltxmacro.sty)
(/usr/local/texlive/2022/texmf-dist/tex/latex/auxhook/auxhook.sty)
(/usr/local/texlive/2022/texmf-dist/tex/latex/kvoptions/kvoptions.sty)
(/usr/local/texlive/2022/texmf-dist/tex/latex/hyperref/pd1enc.def)
(/usr/local/texlive/2022/texmf-dist/tex/generic/intcalc/intcalc.sty)
(/usr/local/texlive/2022/texmf-dist/tex/generic/etexcmds/etexcmds.sty)
(/usr/local/texlive/2022/texmf-dist/tex/latex/hyperref/puenc.def)
(/usr/local/texlive/2022/texmf-dist/tex/generic/bitset/bitset.sty
(/usr/local/texlive/2022/texmf-dist/tex/generic/bigintcalc/bigintcalc.sty))
(/usr/local/texlive/2022/texmf-dist/tex/latex/base/atbegshi-ltx.sty))
(/usr/local/texlive/2022/texmf-dist/tex/latex/hyperref/hpdftex.def
(/usr/local/texlive/2022/texmf-dist/tex/latex/base/atveryend-ltx.sty)
(/usr/local/texlive/2022/texmf-dist/tex/latex/rerunfilecheck/rerunfilecheck.sty

(/usr/local/texlive/2022/texmf-dist/tex/generic/uniquecounter/uniquecounter.sty
)))

Package hyperref Warning: Option `hyperindex' has already been used,
(hyperref)                setting the option has no effect on input line 388.


Package hyperref Warning: Option `pagebackref' has already been used,
(hyperref)                setting the option has no effect on input line 388.

) (/usr/local/texlive/2022/texmf-dist/tex/latex/base/makeidx.sty)
(/usr/local/texlive/2022/texmf-dist/tex/latex/base/inputenc.sty)
Writing index file Rd2.idx
(/usr/local/texlive/2022/texmf-dist/tex/latex/psnfss/t1ptm.fd)
(/usr/local/texlive/2022/texmf-dist/tex/latex/l3backend/l3backend-pdftex.def)
(./Rd2.aux)
(/usr/local/texlive/2022/texmf-dist/tex/context/base/mkii/supp-pdf.mkii
[Loading MPS to PDF converter (version 2006.09.02).]
) (/usr/local/texlive/2022/texmf-dist/tex/latex/hyperref/nameref.sty
(/usr/local/texlive/2022/texmf-dist/tex/latex/refcount/refcount.sty)
(/usr/local/texlive/2022/texmf-dist/tex/generic/gettitlestring/gettitlestring.s
ty)) (./Rd2.out) (./Rd2.out)
(/usr/local/texlive/2022/texmf-dist/tex/latex/inconsolata/t1zi4.fd)
(/usr/local/texlive/2022/texmf-dist/tex/latex/psnfss/t1phv.fd) (./Rd2.toc
[1{/usr/local/texlive/2022/texmf-var/fonts/map/pdftex/updmap/pdftex.map}])
[2] [3]
Overfull \hbox (9.73488pt too wide) in paragraph at lines 129--129
 []\T1/zi4/m/n/9 ## Data is taken from the paper by Nishiura for key transmissi
on parameters of an institutional[] 

Overfull \hbox (34.71808pt too wide) in paragraph at lines 176--177
[]\T1/ptm/m/n/10 Parameters passed to other func-tions (use-ful for hid-den pa-
ram-e-ters of [][][]\T1/zi4/m/n/10 generation.time[][][][]\T1/ptm/m/n/10 ) 
[4]
Overfull \hbox (11.22874pt too wide) in paragraph at lines 207--207
 []\T1/zi4/m/n/9 ## Best fitting GT distribution is a gamma distribution with m
ean = 3.039437 and sd = 1.676551 .[] 

Overfull \hbox (29.25635pt too wide) in paragraph at lines 210--210
 []\T1/zi4/m/n/9 ## [1] 0.0000000000 0.1621208802 0.2704857362 0.2358751176 0.1
561845680 0.0888997193 0.0459909903[] 

Overfull \hbox (12.75941pt too wide) in paragraph at lines 211--211
 []\T1/zi4/m/n/9 ## 0.0222778094 0.0102848887 0.0045773285 0.0019791984 0.00083
60608 0.0003464431 0.0001412594[] 
[5] [6] (/usr/local/texlive/2022/texmf-dist/tex/latex/inconsolata/ts1zi4.fd)
[7] [8]
Overfull \hbox (9.73488pt too wide) in paragraph at lines 396--396
 []\T1/zi4/m/n/9 ## Data is taken from the paper by Nishiura for key transmissi
on parameters of an institutional[] 
[9] [10] [11]
Overfull \hbox (9.73488pt too wide) in paragraph at lines 597--597
 []\T1/zi4/m/n/9 ## Data is taken from the paper by Nishiura for key transmissi
on parameters of an institutional[] 
[12]
Overfull \hbox (18.73488pt too wide) in paragraph at lines 604--604
 []\T1/zi4/m/n/9 ## Results will include "most likely R(t)" (ie. the R(t) value
 for which the computed probability[] 

Overfull \hbox (0.73488pt too wide) in paragraph at lines 626--626
 []\T1/zi4/m/n/9 ## "Plotfit" will show the complete distribution of R for 9 ti
me unit throughout the outbreak[] 
[13] [14]
Overfull \hbox (9.73488pt too wide) in paragraph at lines 717--717
 []\T1/zi4/m/n/9 ## Data is taken from the paper by Nishiura for key transmissi
on parameters of an institutional[] 

Overfull \hbox (15.74715pt too wide) in paragraph at lines 728--728
 []\T1/zi4/m/n/9 # 2.322239 2.272013 1.998474 1.843703 2.019297 1.867488 1.6449
93 1.553265 1.553317 1.601317 ...[] 

Overfull \hbox (11.22874pt too wide) in paragraph at lines 730--730
 []\T1/zi4/m/n/9 ## An interesting way to look at these results is to agregate 
initial data by longest time unit,[] 

Overfull \hbox (35.25021pt too wide) in paragraph at lines 735--735
 []\T1/zi4/m/n/9 # 1.878424 1.580976 1.356918 1.131633 0.9615463 0.8118902 0.80
45254 0.8395747 0.8542518 0.8258094..[] 
[15]
Overfull \hbox (30.99797pt too wide) in paragraph at lines 764--765
[]\T1/ptm/m/n/10 Begin date for es-ti-ma-tion. Can be an in-te-ger or a date (Y
YYY-mm-dd or YYYY/mm/dd) 

Overfull \hbox (23.3681pt too wide) in paragraph at lines 765--766
[]\T1/ptm/m/n/10 End date for es-ti-ma-tion. Can be an in-te-ger or a date (YYY
Y-mm-dd or YYYY/mm/dd) 
[16]
Overfull \hbox (15.75635pt too wide) in paragraph at lines 816--816
 []\T1/zi4/m/n/9 estR0<-estimate.R(Germany.1918, mGT, begin=1, end=27, methods=
c("EG", "ML", "TD", "AR", "SB"),[] 

Overfull \hbox (20.24715pt too wide) in paragraph at lines 838--838
 []\T1/zi4/m/n/9 ## 2.322239 2.272013 1.998474 1.843703 2.019297 1.867488 1.644
993 1.553265 1.553317 1.601317 ...[] 
[17] [18] [19] [20] [21] [22] [23] [24] [25] [26] [27]
Overfull \hbox (9.73488pt too wide) in paragraph at lines 1362--1362
 []\T1/zi4/m/n/9 ## Data is taken from the paper by Nishiura for key transmissi
on parameters of an institutional[] 

Overfull \hbox (17.23181pt too wide) in paragraph at lines 1366--1366
 []\T1/zi4/m/n/9 ## For this exemple, we use the exact same call as for the int
ernal sensitivity analysis function[] 

Overfull \hbox (18.73488pt too wide) in paragraph at lines 1372--1372
 []\T1/zi4/m/n/9 ## Actual value in simulations may differ, as they are adapted
 according to the distribution type[] 

Overfull \hbox (32.27168pt too wide) in paragraph at lines 1373--1373
 []\T1/zi4/m/n/9 tmp<-sensitivity.analysis(sa.type="GT", incid=Germany.1918, GT
.type="gamma", GT.mean=seq(1,5,1),[] 

Overfull \hbox (27.75328pt too wide) in paragraph at lines 1377--1377
 []\T1/zi4/m/n/9 plot(x=tmp[,"GT.Mean"], xlab="mean GT (days)", y=tmp[,"R"], yl
im=c(1.2, 2.1), ylab="R0 (95% CI)",[] 

Overfull \hbox (17.23181pt too wide) in paragraph at lines 1381--1381
 []\T1/zi4/m/n/9 ## One could tweak this example to change sorting of values (p
er mean, or per standard deviation)[] 

Overfull \hbox (8.26862pt too wide) in paragraph at lines 1388--1388
 []\T1/zi4/m/n/9 sen=sensitivity.analysis(sa.type="time", incid=Germany.1918, G
T=mGT, begin=1:15, end=16:30,[] 
[28]
Overfull \hbox (3.73181pt too wide) in paragraph at lines 1459--1459
 []\T1/zi4/m/n/9 ## Only the outbreak phase is computed. When the peak value is
 reached, the process is stopped[] 
[29] [30] [31]
Overfull \hbox (15.74715pt too wide) in paragraph at lines 1570--1570
 []\T1/zi4/m/n/9 # 2.322239 2.272013 1.998474 1.843703 2.019297 1.867488 1.6449
93 1.553265 1.553317 1.601317 ...[] 

Overfull \hbox (35.25021pt too wide) in paragraph at lines 1588--1588
 []\T1/zi4/m/n/9 # 1.878424 1.580976 1.356918 1.131633 0.9615463 0.8118902 0.80
45254 0.8395747 0.8542518 0.8258094..[] 
(./Rd2.ind [32]

LaTeX Font Warning: Font shape `T1/zi4/m/it' undefined
(Font)              using `T1/zi4/m/n' instead on input line 61.

[33]) (./Rd2.aux)

LaTeX Font Warning: Some font shapes were not available, defaults substituted.


Package rerunfilecheck Warning: File `Rd2.out' has changed.
(rerunfilecheck)                Rerun to get outlines right
(rerunfilecheck)                or use package `bookmark'.

 )
(see the transcript file for additional information)
pdfTeX warning (dest): name{Rfn.censored.deviation} has been referenced but doe
s not exist, replaced by a fixed one


pdfTeX warning (dest): name{Rfn.fit.epid} has been referenced but does not exis
t, replaced by a fixed one

{/usr/local/texlive/2022/texmf-dist/fonts/enc/dvips/inconsolata/i4-ts1.enc}{/us
r/local/texlive/2022/texmf-dist/fonts/enc/dvips/base/8r.enc}{/usr/local/texlive
/2022/texmf-dist/fonts/enc/dvips/inconsolata/i4-t1-0.enc}</usr/local/texlive/20
22/texmf-dist/fonts/type1/public/inconsolata/Inconsolata-zi4r.pfb></usr/local/t
exlive/2022/texmf-dist/fonts/type1/public/amsfonts/cm/cmmi10.pfb></usr/local/te
xlive/2022/texmf-dist/fonts/type1/public/amsfonts/cm/cmr10.pfb></usr/local/texl
ive/2022/texmf-dist/fonts/type1/public/amsfonts/cm/cmsy10.pfb></usr/local/texli
ve/2022/texmf-dist/fonts/type1/urw/helvetic/uhvr8a.pfb></usr/local/texlive/2022
/texmf-dist/fonts/type1/urw/times/utmb8a.pfb></usr/local/texlive/2022/texmf-dis
t/fonts/type1/urw/times/utmr8a.pfb></usr/local/texlive/2022/texmf-dist/fonts/ty
pe1/urw/times/utmr8a.pfb></usr/local/texlive/2022/texmf-dist/fonts/type1/urw/ti
mes/utmri8a.pfb>
Output written on Rd2.pdf (33 pages, 188902 bytes).
Transcript written on Rd2.log.
This is makeindex, version 2.16 [TeX Live 2022] (kpathsea + Thai support).
Scanning input file ./Rd2.idx....done (50 entries accepted, 0 rejected).
Sorting entries....done (286 comparisons).
Generating output file ./Rd2.ind....done (76 lines written, 0 warnings).
Output written in ./Rd2.ind.
Transcript written in ./Rd2.ilg.
This is pdfTeX, Version 3.141592653-2.6-1.40.24 (TeX Live 2022) (preloaded format=pdflatex)
 restricted \write18 enabled.
entering extended mode

(/private/var/folders/j3/kp576yhx6hg05g7g2cs03y_84f_rmw/T/Rtmpwku41K/Rd2pdf1097
338d19a82/Rd2.tex
LaTeX2e <2021-11-15> patch level 1
L3 programming layer <2022-02-24>
(/usr/local/texlive/2022/texmf-dist/tex/latex/base/book.cls
Document Class: book 2021/10/04 v1.4n Standard LaTeX document class
(/usr/local/texlive/2022/texmf-dist/tex/latex/base/bk10.clo))
(/usr/local/Cellar/r/4.2.1/lib/R/share/texmf/tex/latex/Rd.sty
(/usr/local/texlive/2022/texmf-dist/tex/latex/base/ifthen.sty)
(/usr/local/texlive/2022/texmf-dist/tex/latex/tools/longtable.sty)
(/usr/local/texlive/2022/texmf-dist/tex/latex/tools/bm.sty)
(/usr/local/texlive/2022/texmf-dist/tex/latex/base/alltt.sty)
(/usr/local/texlive/2022/texmf-dist/tex/latex/tools/verbatim.sty)
(/usr/local/texlive/2022/texmf-dist/tex/latex/url/url.sty)
(/usr/local/texlive/2022/texmf-dist/tex/latex/base/textcomp.sty)
(/usr/local/texlive/2022/texmf-dist/tex/generic/iftex/iftex.sty)
(/usr/local/texlive/2022/texmf-dist/tex/latex/base/fontenc.sty)
(/usr/local/texlive/2022/texmf-dist/tex/latex/psnfss/times.sty)
(/usr/local/texlive/2022/texmf-dist/tex/latex/inconsolata/zi4.sty
`inconsolata-zi4' v1.12, 2019/05/17 Text macros for Inconsolata (msharpe)
(/usr/local/texlive/2022/texmf-dist/tex/latex/xkeyval/xkeyval.sty
(/usr/local/texlive/2022/texmf-dist/tex/generic/xkeyval/xkeyval.tex
(/usr/local/texlive/2022/texmf-dist/tex/generic/xkeyval/xkvutils.tex
(/usr/local/texlive/2022/texmf-dist/tex/generic/xkeyval/keyval.tex)))))
(/usr/local/texlive/2022/texmf-dist/tex/latex/graphics/color.sty
(/usr/local/texlive/2022/texmf-dist/tex/latex/graphics-cfg/color.cfg)
(/usr/local/texlive/2022/texmf-dist/tex/latex/graphics-def/pdftex.def))
(/usr/local/texlive/2022/texmf-dist/tex/latex/hyperref/hyperref.sty
(/usr/local/texlive/2022/texmf-dist/tex/generic/ltxcmds/ltxcmds.sty)
(/usr/local/texlive/2022/texmf-dist/tex/generic/pdftexcmds/pdftexcmds.sty
(/usr/local/texlive/2022/texmf-dist/tex/generic/infwarerr/infwarerr.sty))
(/usr/local/texlive/2022/texmf-dist/tex/generic/kvsetkeys/kvsetkeys.sty)
(/usr/local/texlive/2022/texmf-dist/tex/generic/kvdefinekeys/kvdefinekeys.sty)
(/usr/local/texlive/2022/texmf-dist/tex/generic/pdfescape/pdfescape.sty)
(/usr/local/texlive/2022/texmf-dist/tex/latex/hycolor/hycolor.sty)
(/usr/local/texlive/2022/texmf-dist/tex/latex/letltxmacro/letltxmacro.sty)
(/usr/local/texlive/2022/texmf-dist/tex/latex/auxhook/auxhook.sty)
(/usr/local/texlive/2022/texmf-dist/tex/latex/kvoptions/kvoptions.sty)
(/usr/local/texlive/2022/texmf-dist/tex/latex/hyperref/pd1enc.def)
(/usr/local/texlive/2022/texmf-dist/tex/generic/intcalc/intcalc.sty)
(/usr/local/texlive/2022/texmf-dist/tex/generic/etexcmds/etexcmds.sty)
(/usr/local/texlive/2022/texmf-dist/tex/latex/hyperref/puenc.def)
(/usr/local/texlive/2022/texmf-dist/tex/generic/bitset/bitset.sty
(/usr/local/texlive/2022/texmf-dist/tex/generic/bigintcalc/bigintcalc.sty))
(/usr/local/texlive/2022/texmf-dist/tex/latex/base/atbegshi-ltx.sty))
(/usr/local/texlive/2022/texmf-dist/tex/latex/hyperref/hpdftex.def
(/usr/local/texlive/2022/texmf-dist/tex/latex/base/atveryend-ltx.sty)
(/usr/local/texlive/2022/texmf-dist/tex/latex/rerunfilecheck/rerunfilecheck.sty

(/usr/local/texlive/2022/texmf-dist/tex/generic/uniquecounter/uniquecounter.sty
)))

Package hyperref Warning: Option `hyperindex' has already been used,
(hyperref)                setting the option has no effect on input line 388.


Package hyperref Warning: Option `pagebackref' has already been used,
(hyperref)                setting the option has no effect on input line 388.

) (/usr/local/texlive/2022/texmf-dist/tex/latex/base/makeidx.sty)
(/usr/local/texlive/2022/texmf-dist/tex/latex/base/inputenc.sty)
Writing index file Rd2.idx
(/usr/local/texlive/2022/texmf-dist/tex/latex/psnfss/t1ptm.fd)
(/usr/local/texlive/2022/texmf-dist/tex/latex/l3backend/l3backend-pdftex.def)
(./Rd2.aux)
(/usr/local/texlive/2022/texmf-dist/tex/context/base/mkii/supp-pdf.mkii
[Loading MPS to PDF converter (version 2006.09.02).]
) (/usr/local/texlive/2022/texmf-dist/tex/latex/hyperref/nameref.sty
(/usr/local/texlive/2022/texmf-dist/tex/latex/refcount/refcount.sty)
(/usr/local/texlive/2022/texmf-dist/tex/generic/gettitlestring/gettitlestring.s
ty)) (./Rd2.out) (./Rd2.out)
(/usr/local/texlive/2022/texmf-dist/tex/latex/inconsolata/t1zi4.fd)
(/usr/local/texlive/2022/texmf-dist/tex/latex/psnfss/t1phv.fd) (./Rd2.toc
[1{/usr/local/texlive/2022/texmf-var/fonts/map/pdftex/updmap/pdftex.map}])
[2] [3]
Overfull \hbox (9.73488pt too wide) in paragraph at lines 129--129
 []\T1/zi4/m/n/9 ## Data is taken from the paper by Nishiura for key transmissi
on parameters of an institutional[] 

Overfull \hbox (34.71808pt too wide) in paragraph at lines 176--177
[]\T1/ptm/m/n/10 Parameters passed to other func-tions (use-ful for hid-den pa-
ram-e-ters of [][][]\T1/zi4/m/n/10 generation.time[][][][]\T1/ptm/m/n/10 ) 
[4]
Overfull \hbox (11.22874pt too wide) in paragraph at lines 207--207
 []\T1/zi4/m/n/9 ## Best fitting GT distribution is a gamma distribution with m
ean = 3.039437 and sd = 1.676551 .[] 

Overfull \hbox (29.25635pt too wide) in paragraph at lines 210--210
 []\T1/zi4/m/n/9 ## [1] 0.0000000000 0.1621208802 0.2704857362 0.2358751176 0.1
561845680 0.0888997193 0.0459909903[] 

Overfull \hbox (12.75941pt too wide) in paragraph at lines 211--211
 []\T1/zi4/m/n/9 ## 0.0222778094 0.0102848887 0.0045773285 0.0019791984 0.00083
60608 0.0003464431 0.0001412594[] 
[5] [6] (/usr/local/texlive/2022/texmf-dist/tex/latex/inconsolata/ts1zi4.fd)
[7] [8]
Overfull \hbox (9.73488pt too wide) in paragraph at lines 396--396
 []\T1/zi4/m/n/9 ## Data is taken from the paper by Nishiura for key transmissi
on parameters of an institutional[] 
[9] [10] [11]
Overfull \hbox (9.73488pt too wide) in paragraph at lines 597--597
 []\T1/zi4/m/n/9 ## Data is taken from the paper by Nishiura for key transmissi
on parameters of an institutional[] 
[12]
Overfull \hbox (18.73488pt too wide) in paragraph at lines 604--604
 []\T1/zi4/m/n/9 ## Results will include "most likely R(t)" (ie. the R(t) value
 for which the computed probability[] 

Overfull \hbox (0.73488pt too wide) in paragraph at lines 626--626
 []\T1/zi4/m/n/9 ## "Plotfit" will show the complete distribution of R for 9 ti
me unit throughout the outbreak[] 
[13] [14]
Overfull \hbox (9.73488pt too wide) in paragraph at lines 717--717
 []\T1/zi4/m/n/9 ## Data is taken from the paper by Nishiura for key transmissi
on parameters of an institutional[] 

Overfull \hbox (15.74715pt too wide) in paragraph at lines 728--728
 []\T1/zi4/m/n/9 # 2.322239 2.272013 1.998474 1.843703 2.019297 1.867488 1.6449
93 1.553265 1.553317 1.601317 ...[] 

Overfull \hbox (11.22874pt too wide) in paragraph at lines 730--730
 []\T1/zi4/m/n/9 ## An interesting way to look at these results is to agregate 
initial data by longest time unit,[] 

Overfull \hbox (35.25021pt too wide) in paragraph at lines 735--735
 []\T1/zi4/m/n/9 # 1.878424 1.580976 1.356918 1.131633 0.9615463 0.8118902 0.80
45254 0.8395747 0.8542518 0.8258094..[] 
[15]
Overfull \hbox (30.99797pt too wide) in paragraph at lines 764--765
[]\T1/ptm/m/n/10 Begin date for es-ti-ma-tion. Can be an in-te-ger or a date (Y
YYY-mm-dd or YYYY/mm/dd) 

Overfull \hbox (23.3681pt too wide) in paragraph at lines 765--766
[]\T1/ptm/m/n/10 End date for es-ti-ma-tion. Can be an in-te-ger or a date (YYY
Y-mm-dd or YYYY/mm/dd) 
[16]
Overfull \hbox (15.75635pt too wide) in paragraph at lines 816--816
 []\T1/zi4/m/n/9 estR0<-estimate.R(Germany.1918, mGT, begin=1, end=27, methods=
c("EG", "ML", "TD", "AR", "SB"),[] 

Overfull \hbox (20.24715pt too wide) in paragraph at lines 838--838
 []\T1/zi4/m/n/9 ## 2.322239 2.272013 1.998474 1.843703 2.019297 1.867488 1.644
993 1.553265 1.553317 1.601317 ...[] 
[17] [18] [19] [20] [21] [22] [23] [24] [25] [26] [27]
Overfull \hbox (9.73488pt too wide) in paragraph at lines 1362--1362
 []\T1/zi4/m/n/9 ## Data is taken from the paper by Nishiura for key transmissi
on parameters of an institutional[] 

Overfull \hbox (17.23181pt too wide) in paragraph at lines 1366--1366
 []\T1/zi4/m/n/9 ## For this exemple, we use the exact same call as for the int
ernal sensitivity analysis function[] 

Overfull \hbox (18.73488pt too wide) in paragraph at lines 1372--1372
 []\T1/zi4/m/n/9 ## Actual value in simulations may differ, as they are adapted
 according to the distribution type[] 

Overfull \hbox (32.27168pt too wide) in paragraph at lines 1373--1373
 []\T1/zi4/m/n/9 tmp<-sensitivity.analysis(sa.type="GT", incid=Germany.1918, GT
.type="gamma", GT.mean=seq(1,5,1),[] 

Overfull \hbox (27.75328pt too wide) in paragraph at lines 1377--1377
 []\T1/zi4/m/n/9 plot(x=tmp[,"GT.Mean"], xlab="mean GT (days)", y=tmp[,"R"], yl
im=c(1.2, 2.1), ylab="R0 (95% CI)",[] 

Overfull \hbox (17.23181pt too wide) in paragraph at lines 1381--1381
 []\T1/zi4/m/n/9 ## One could tweak this example to change sorting of values (p
er mean, or per standard deviation)[] 

Overfull \hbox (8.26862pt too wide) in paragraph at lines 1388--1388
 []\T1/zi4/m/n/9 sen=sensitivity.analysis(sa.type="time", incid=Germany.1918, G
T=mGT, begin=1:15, end=16:30,[] 
[28]
Overfull \hbox (3.73181pt too wide) in paragraph at lines 1459--1459
 []\T1/zi4/m/n/9 ## Only the outbreak phase is computed. When the peak value is
 reached, the process is stopped[] 
[29] [30] [31]
Overfull \hbox (15.74715pt too wide) in paragraph at lines 1570--1570
 []\T1/zi4/m/n/9 # 2.322239 2.272013 1.998474 1.843703 2.019297 1.867488 1.6449
93 1.553265 1.553317 1.601317 ...[] 

Overfull \hbox (35.25021pt too wide) in paragraph at lines 1588--1588
 []\T1/zi4/m/n/9 # 1.878424 1.580976 1.356918 1.131633 0.9615463 0.8118902 0.80
45254 0.8395747 0.8542518 0.8258094..[] 
(./Rd2.ind [32]

LaTeX Font Warning: Font shape `T1/zi4/m/it' undefined
(Font)              using `T1/zi4/m/n' instead on input line 61.

[33]) (./Rd2.aux)

LaTeX Font Warning: Some font shapes were not available, defaults substituted.

 )
(see the transcript file for additional information)
pdfTeX warning (dest): name{Rfn.censored.deviation} has been referenced but doe
s not exist, replaced by a fixed one


pdfTeX warning (dest): name{Rfn.fit.epid} has been referenced but does not exis
t, replaced by a fixed one

{/usr/local/texlive/2022/texmf-dist/fonts/enc/dvips/inconsolata/i4-ts1.enc}{/us
r/local/texlive/2022/texmf-dist/fonts/enc/dvips/base/8r.enc}{/usr/local/texlive
/2022/texmf-dist/fonts/enc/dvips/inconsolata/i4-t1-0.enc}</usr/local/texlive/20
22/texmf-dist/fonts/type1/public/inconsolata/Inconsolata-zi4r.pfb></usr/local/t
exlive/2022/texmf-dist/fonts/type1/public/amsfonts/cm/cmmi10.pfb></usr/local/te
xlive/2022/texmf-dist/fonts/type1/public/amsfonts/cm/cmr10.pfb></usr/local/texl
ive/2022/texmf-dist/fonts/type1/public/amsfonts/cm/cmsy10.pfb></usr/local/texli
ve/2022/texmf-dist/fonts/type1/urw/helvetic/uhvr8a.pfb></usr/local/texlive/2022
/texmf-dist/fonts/type1/urw/times/utmb8a.pfb></usr/local/texlive/2022/texmf-dis
t/fonts/type1/urw/times/utmr8a.pfb></usr/local/texlive/2022/texmf-dist/fonts/ty
pe1/urw/times/utmr8a.pfb></usr/local/texlive/2022/texmf-dist/fonts/type1/urw/ti
mes/utmri8a.pfb>
Output written on Rd2.pdf (33 pages, 189693 bytes).
Transcript written on Rd2.log.
Saving output to ‘R0-manual.pdf’ ...
Done
You may want to clean up by 'rm -Rf /var/folders/j3/kp576yhx6hg05g7g2cs03y_84f_rmw/T//Rtmpwku41K/Rd2pdf1097338d19a82'
